"../../../../../../Users/Spieler 4/Documents/Unreal_Projects/Panzerspiel/Content/AI/SimpleAI/BB_SimpleTank.uasset" 0
"../../../Engine/Content/EditorBlueprintResources/StandardMacros.uasset" 1
"../../../../../../Users/Spieler 4/Documents/Unreal_Projects/Panzerspiel/Content/AI/TankAI/CustomMove.uasset" 2
"../../../../../../Users/Spieler 4/Documents/Unreal_Projects/Panzerspiel/Content/AI/TankAI/GetNewMovePos.uasset" 3
"../../../../../../Users/Spieler 4/Documents/Unreal_Projects/Panzerspiel/Content/AI/TankAI/BB_Tank.uasset" 4
"../../../../../../Users/Spieler 4/Documents/Unreal_Projects/Panzerspiel/Content/AI/TankAI/BTTask_SetEnemy.uasset" 5
"../../../../../../Users/Spieler 4/Documents/Unreal_Projects/Panzerspiel/Content/AI/TankAI/BT_Tank.uasset" 6
"../../../../../../Users/Spieler 4/Documents/Unreal_Projects/Panzerspiel/Content/AI/TankAI/TankAIController.uasset" 7
"../../../../../../Users/Spieler 4/Documents/Unreal_Projects/Panzerspiel/Content/Blueprints/BP_MenuCamera.uasset" 8
"../../Plugins/FX/Niagara/Content/DefaultAssets/DefaultSpriteMaterial.uasset" 9
"../../../Engine/Content/Functions/Engine_MaterialFunctions02/WorldPositionOffset/LocalPosition.uasset" 10
"../../../../../../Users/Spieler 4/Documents/Unreal_Projects/Panzerspiel/Content/Effects/Toon_explosion/Fire.uasset" 11
"../../../../../../Users/Spieler 4/Documents/Unreal_Projects/Panzerspiel/Content/Effects/Toon_explosion/Fire_Inst.uasset" 12
"../../../Engine/Content/Functions/Engine_MaterialFunctions02/Utility/BreakOutFloat3Components.uasset" 13
"../../../../../../Users/Spieler 4/Documents/Unreal_Projects/Panzerspiel/Content/Materials/Master/ShockwaveSmoothDynamic.uasset" 14
"../../../../../../Users/Spieler 4/Documents/Unreal_Projects/Panzerspiel/Content/Materials/Master/ShockwaveSmoothDynamic_Inst.uasset" 15
"../../Plugins/FX/Niagara/Content/DynamicInputs/Angles/NormalizedAngleToDegrees.uasset" 16
"../../Plugins/FX/Niagara/Content/DynamicInputs/TypeConversions/BreakVector.uasset" 17
"../../Plugins/FX/Niagara/Content/DynamicInputs/TypeConversions/VectorFromFloat.uasset" 18
"../../Plugins/FX/Niagara/Content/Enums/ENiagaraRandomnessMode.uasset" 19
"../../Plugins/FX/Niagara/Content/Functions/GetRandomInfo.uasset" 20
"../../Plugins/FX/Niagara/Content/Functions/RandomRangeFloat.uasset" 21
"../../Plugins/FX/Niagara/Content/DynamicInputs/UniformRange/UniformRangedFloat.uasset" 22
"../../Plugins/FX/Niagara/Content/DynamicInputs/UniformRange/UniformRangedVector.uasset" 23
"../../Plugins/FX/Niagara/Content/DynamicInputs/ValueFromCurve/ColorFromCurve.uasset" 24
"../../Plugins/FX/Niagara/Content/DynamicInputs/ValueFromCurve/FloatFromCurve.uasset" 25
"../../Plugins/FX/Niagara/Content/Functions/Localspace/SimulationPosition.uasset" 26
"../../Plugins/FX/Niagara/Content/Functions/Emitter/EmitterChangeState.uasset" 27
"../../Plugins/FX/Niagara/Content/Enums/ENiagara_EmitterStateOptions.uasset" 28
"../../Plugins/FX/Niagara/Content/Enums/ENiagara_InfiniteLoopDuration.uasset" 29
"../../Plugins/FX/Niagara/Content/Enums/ENiagaraEmitterLifeCycleMode.uasset" 30
"../../Plugins/FX/Niagara/Content/Enums/ENiagaraEmitterScalabilityMode_Limited.uasset" 31
"../../Plugins/FX/Niagara/Content/Enums/ENiagaraExecutionStateManagement.uasset" 32
"../../Plugins/FX/Niagara/Content/Enums/ENiagaraInactiveMode.uasset" 33
"../../Plugins/FX/Niagara/Content/Modules/Emitter/EmitterState.uasset" 34
"../../Plugins/FX/Niagara/Content/Modules/Emitter/SpawnBurst_Instantaneous.uasset" 35
"../../Plugins/FX/Niagara/Content/Functions/DirectionAndLengthSafe.uasset" 36
"../../Plugins/FX/Niagara/Content/Modules/Solvers/SolveForcesAndVelocity.uasset" 37
"../../Plugins/FX/Niagara/Content/Modules/Spawn/Initialization/InitializeParticle.uasset" 38
"../../Plugins/FX/Niagara/Content/Enums/ENiagaraCoordinateSpace.uasset" 39
"../../Plugins/FX/Niagara/Content/Functions/Localspace/TransformBase.uasset" 40
"../../Plugins/FX/Niagara/Content/Functions/Localspace/TransformVector.uasset" 41
"../../Plugins/FX/Niagara/Content/Functions/RandomPointInSphere.uasset" 42
"../../Plugins/FX/Niagara/Content/Enums/ENiagaraExpansionMode.uasset" 43
"../../Plugins/FX/Niagara/Content/Enums/ENiagaraTorusDistributionMode.uasset" 44
"../../Plugins/FX/Niagara/Content/Modules/Spawn/Location/SphereLocation.uasset" 45
"../../Plugins/FX/Niagara/Content/Modules/Spawn/Velocity/AddVelocity.uasset" 46
"../../Plugins/FX/Niagara/Content/Modules/Update/Forces/Drag.uasset" 47
"../../Plugins/FX/Niagara/Content/Modules/Update/Forces/GravityForce.uasset" 48
"../../Plugins/FX/Niagara/Content/Modules/Update/Lifetime/ParticleState.uasset" 49
"../../Plugins/FX/Niagara/Content/Enums/ENiagaraMassByVolume.uasset" 50
"../../Plugins/FX/Niagara/Content/Modules/Update/Mass/CalculateSizeAndRotationalInertiaByMass.uasset" 51
"../../Plugins/FX/Niagara/Content/Modules/Update/Material/DynamicMaterialParameters.uasset" 52
"../../Plugins/FX/Niagara/Content/Functions/Rotation/MultiplyQuaternion.uasset" 53
"../../Plugins/FX/Niagara/Content/Functions/Rotation/AxisAngleToQuaternion.uasset" 54
"../../Plugins/FX/Niagara/Content/Modules/Solvers/ApplyRotationVector.uasset" 55
"../../Plugins/FX/Niagara/Content/Enums/ENiagaraMeshTransforms.uasset" 56
"../../Plugins/FX/Niagara/Content/Modules/Update/Orientation/V2/UpdateMeshOrientation.uasset" 57
"../../Plugins/FX/Niagara/Content/Modules/Update/Size/ScaleMeshSize.uasset" 58
"../../../Engine/Content/Functions/Engine_MaterialFunctions01/Opacity/CameraDepthFade.uasset" 59
"../../../Engine/Content/EngineMaterials/T_Default_Material_Grid_M.uasset" 60
"../../../Engine/Content/EngineMaterials/T_Default_Material_Grid_N.uasset" 61
"../../../Engine/Content/EngineMaterials/WorldGridMaterial.uasset" 62
"../../../../../../Users/Spieler 4/Documents/Unreal_Projects/Panzerspiel/Content/StaticMeshes/RockSmooth.uasset" 63
"../../../../../../Users/Spieler 4/Documents/Unreal_Projects/Panzerspiel/Content/Effects/Toon_explosion/Explosion_spitter.uasset" 64
"../../Plugins/FX/Niagara/Content/DynamicInputs/TypeConversions/Vector2DFromFloat.uasset" 65
"../../../../../../Users/Spieler 4/Documents/Unreal_Projects/Panzerspiel/Content/Effects/Toon_explosion/LightEmitter2.uasset" 66
"../../Plugins/FX/Niagara/Content/DynamicInputs/LinearColor/MultiplyLinearColor.uasset" 67
"../../Plugins/FX/Niagara/Content/DynamicInputs/Power/Power.uasset" 68
"../../Plugins/FX/Niagara/Content/DynamicInputs/TypeConversions/MakeVector4_FromFloat.uasset" 69
"../../Plugins/FX/Niagara/Content/Functions/System/SystemChangeState.uasset" 70
"../../Plugins/FX/Niagara/Content/Enums/ENiagaraSystemInactiveMode.uasset" 71
"../../Plugins/FX/Niagara/Content/Modules/System/SystemState.uasset" 72
"../../../../../../Users/Spieler 4/Documents/Unreal_Projects/Panzerspiel/Content/StaticMeshes/plane.uasset" 73
"../../../../../../Users/Spieler 4/Documents/Unreal_Projects/Panzerspiel/Content/StaticMeshes/Sphere.uasset" 74
"../../../../../../Users/Spieler 4/Documents/Unreal_Projects/Panzerspiel/Content/Effects/Toon_explosion/explosion_system.uasset" 75
"../../../../../../Users/Spieler 4/Documents/Unreal_Projects/Panzerspiel/Content/Blueprints/NiagaraTest.uasset" 76
"../../../../../../Users/Spieler 4/Documents/Unreal_Projects/Panzerspiel/Content/Materials/Master/ColorRough_master.uasset" 77
"../../../../../../Users/Spieler 4/Documents/Unreal_Projects/Panzerspiel/Content/Materials/Instance/Red_inst.uasset" 78
"../../../../../../Users/Spieler 4/Documents/Unreal_Projects/Panzerspiel/Content/Effects/Cartoon_Explosion.uasset" 79
"../../../../../../Users/Spieler 4/Documents/Unreal_Projects/Panzerspiel/Content/Effects/Toon_explosion/LightSystem2.uasset" 80
"../../../../../../Users/Spieler 4/Documents/Unreal_Projects/Panzerspiel/Content/Effects/Toon_explosion/Shockwave.uasset" 81
"../../../../../../Users/Spieler 4/Documents/Unreal_Projects/Panzerspiel/Content/Effects/Toon_explosion/Shockwave_Inst.uasset" 82
"../../../Engine/Content/Functions/Engine_MaterialFunctions01/Gradient/LinearGradient.uasset" 83
"../../../Engine/Content/Functions/Engine_MaterialFunctions02/Utility/BreakOutFloat4Components.uasset" 84
"../../../Engine/Content/Functions/Engine_MaterialFunctions02/ValueStep.uasset" 85
"../../../../../../Users/Spieler 4/Documents/Unreal_Projects/Panzerspiel/Content/Effects/Toon_explosion/Swirl_noise_dynamic.uasset" 86
"../../../../../../Users/Spieler 4/Documents/Unreal_Projects/Panzerspiel/Content/Effects/Toon_explosion/Swirl_noise_dynamic_inst.uasset" 87
"../../../../../../Users/Spieler 4/Documents/Unreal_Projects/Panzerspiel/Content/Effects/Toon_explosion/Swirl_noise.uasset" 88
"../../../../../../Users/Spieler 4/Documents/Unreal_Projects/Panzerspiel/Content/Effects/Toon_explosion/Swirl_Noise_inst.uasset" 89
"../../../../../../Users/Spieler 4/Documents/Unreal_Projects/Panzerspiel/Content/Levels/BaseTableLevel.uasset" 90
"../../../../../../Users/Spieler 4/Documents/Unreal_Projects/Panzerspiel/Content/Levels/TableDynamicOnly.uasset" 91
"../../../../../../Users/Spieler 4/Documents/Unreal_Projects/Panzerspiel/Content/Levels/TableDynamicOnly2.uasset" 92
"../../../../../../Users/Spieler 4/Documents/Unreal_Projects/Panzerspiel/Content/Levels/TableLevel.uasset" 93
"../../../Engine/Content/Functions/Engine_MaterialFunctions02/Utility/BreakOutFloat2Components.uasset" 94
"../../../Engine/Content/Functions/Engine_MaterialFunctions02/Utility/MakeFloat2.uasset" 95
"../../../Engine/Content/Functions/Engine_MaterialFunctions02/Utility/MakeFloat3.uasset" 96
"../../../../../../Users/Spieler 4/Documents/Unreal_Projects/Panzerspiel/Content/Misc/BakedRenderTarget_Tex.uasset" 97
"../../../../../../Users/Spieler 4/Documents/Unreal_Projects/Panzerspiel/Content/Materials/Master/RocketFire.uasset" 98
"../../../../../../Users/Spieler 4/Documents/Unreal_Projects/Panzerspiel/Content/Materials/Instance/RocketFire_Inst.uasset" 99
"../../../../../../Users/Spieler 4/Documents/Unreal_Projects/Panzerspiel/Content/Materials/Master/ShockwaveSharp_dynamic.uasset" 100
"../../../../../../Users/Spieler 4/Documents/Unreal_Projects/Panzerspiel/Content/Materials/Instance/ShockwaveSharp_dynamic_Inst.uasset" 101
"../../../../../../Users/Spieler 4/Documents/Unreal_Projects/Panzerspiel/Content/Materials/Master/ShockwaveSmooth.uasset" 102
"../../../../../../Users/Spieler 4/Documents/Unreal_Projects/Panzerspiel/Content/Materials/Instance/ShockwaveSmooth_inst.uasset" 103
"../../../Engine/Content/Functions/Engine_MaterialFunctions01/Texturing/FlattenNormal.uasset" 104
"../../../Engine/Content/EngineMaterials/BlendFunc_DefBase.uasset" 105
"../../../Engine/Content/EngineMaterials/BlendFunc_DefBlend.uasset" 106
"../../../Engine/Content/Functions/Engine_MaterialFunctions03/Blends/Blend_Overlay.uasset" 107
"../../../Engine/Content/EngineVolumetrics/Fogsheet/Materials/T_EV_BlankWhite_01.uasset" 108
"../../../../../../Users/Spieler 4/Documents/Unreal_Projects/Panzerspiel/Content/MSPresets/MSTextures/Albedo.uasset" 109
"../../../../../../Users/Spieler 4/Documents/Unreal_Projects/Panzerspiel/Content/MSPresets/MSTextures/Normal.uasset" 110
"../../../../../../Users/Spieler 4/Documents/Unreal_Projects/Panzerspiel/Content/MSPresets/MSTextures/Roughness.uasset" 111
"../../../../../../Users/Spieler 4/Documents/Unreal_Projects/Panzerspiel/Content/MSPresets/MS_DefaultMaterial/MS_DefaultMaterial.uasset" 112
"../../../../../../Users/Spieler 4/Documents/Unreal_Projects/Panzerspiel/Content/Megascans/Surfaces/Cedar_Veneer_1x2_M_00/te3ecdyc_2K_Albedo.uasset" 113
"../../../../../../Users/Spieler 4/Documents/Unreal_Projects/Panzerspiel/Content/Megascans/Surfaces/Cedar_Veneer_1x2_M_00/te3ecdyc_2K_Normal.uasset" 114
"../../../../../../Users/Spieler 4/Documents/Unreal_Projects/Panzerspiel/Content/Megascans/Surfaces/Cedar_Veneer_1x2_M_00/te3ecdyc_2K_Roughness.uasset" 115
"../../../../../../Users/Spieler 4/Documents/Unreal_Projects/Panzerspiel/Content/Megascans/Surfaces/Cedar_Veneer_1x2_M_00/Cedar_Veneer_1x2_M_00_inst.uasset" 116
"../../../../../../Users/Spieler 4/Documents/Unreal_Projects/Panzerspiel/Content/Misc/NoiseBakeSource.uasset" 117
"../../../../../../Users/Spieler 4/Documents/Unreal_Projects/Panzerspiel/Content/Misc/BakedRenderTarget.uasset" 118
"../../../../../../Users/Spieler 4/Documents/Unreal_Projects/Panzerspiel/Content/Misc/TextureBaker.uasset" 119
"../../../../../../Users/Spieler 4/Documents/Unreal_Projects/Panzerspiel/Content/MSPresets/MSTextures/AO.uasset" 120
"../../../../../../Users/Spieler 4/Documents/Unreal_Projects/Panzerspiel/Content/MSPresets/MSTextures/Displacement.uasset" 121
"../../../../../../Users/Spieler 4/Documents/Unreal_Projects/Panzerspiel/Content/MSPresets/MSTextures/Metalness.uasset" 122
"../../../../../../Users/Spieler 4/Documents/Unreal_Projects/Panzerspiel/Content/MSPresets/MSTextures/noise_mask.uasset" 123
"../../../../../../Users/Spieler 4/Documents/Unreal_Projects/Panzerspiel/Content/MSPresets/MSTextures/noise_normal.uasset" 124
"../../../../../../Users/Spieler 4/Documents/Unreal_Projects/Panzerspiel/Content/StaticMeshes/BaseBullet1.uasset" 125
"../../../../../../Users/Spieler 4/Documents/Unreal_Projects/Panzerspiel/Content/StaticMeshes/ProtoBulletMesh.uasset" 126
"../../../../../../Users/Spieler 4/Documents/Unreal_Projects/Panzerspiel/Content/StaticMeshes/RocketFireLowPoly.uasset" 127
"../../../../../../Users/Spieler 4/Documents/Unreal_Projects/Panzerspiel/Content/StaticMeshes/SphereThin.uasset" 128
"../../../../../../Users/Spieler 4/Documents/Unreal_Projects/Panzerspiel/Content/Textures/Noise/SimplexNoise128.uasset" 129
"../../../../../../Users/Spieler 4/Documents/Unreal_Projects/Panzerspiel/Content/Blueprints/BP_LevelStreamer.uasset" 130
"../../../../../../Users/Spieler 4/Documents/Unreal_Projects/Panzerspiel/Content/Materials/Instance/Blue_inst.uasset" 131
"../../../../../../Users/Spieler 4/Documents/Unreal_Projects/Panzerspiel/Content/Effects/smoke-ball.uasset" 132
"../../../../../../Users/Spieler 4/Documents/Unreal_Projects/Panzerspiel/Content/Effects/Smoke_mat.uasset" 133
"../../../../../../Users/Spieler 4/Documents/Unreal_Projects/Panzerspiel/Content/Effects/Smoke.uasset" 134
"../../../../../../Users/Spieler 4/Documents/Unreal_Projects/Panzerspiel/Content/Sounds/Explosion_small.uasset" 135
"../../../../../../Users/Spieler 4/Documents/Unreal_Projects/Panzerspiel/Content/Sounds/explosion_short.uasset" 136
"../../../../../../Users/Spieler 4/Documents/Unreal_Projects/Panzerspiel/Content/Sounds/hit_hollow.uasset" 137
"../../../../../../Users/Spieler 4/Documents/Unreal_Projects/Panzerspiel/Content/Sounds/hit_hollow_Cue.uasset" 138
"../../../../../../Users/Spieler 4/Documents/Unreal_Projects/Panzerspiel/Content/Blueprints/BP_Bullet.uasset" 139
"../../../../../../Users/Spieler 4/Documents/Unreal_Projects/Panzerspiel/Content/Materials/Master/Mine.uasset" 140
"../../../../../../Users/Spieler 4/Documents/Unreal_Projects/Panzerspiel/Content/Sounds/Plop.uasset" 141
"../../../../../../Users/Spieler 4/Documents/Unreal_Projects/Panzerspiel/Content/Sounds/Plop_cue.uasset" 142
"../../../../../../Users/Spieler 4/Documents/Unreal_Projects/Panzerspiel/Content/StaticMeshes/1mRadiusSemiCircle.uasset" 143
"../../../../../../Users/Spieler 4/Documents/Unreal_Projects/Panzerspiel/Content/StaticMeshes/Mine.uasset" 144
"../../../../../../Users/Spieler 4/Documents/Unreal_Projects/Panzerspiel/Content/Blueprints/BP_Mine.uasset" 145
"../../../../../../Users/Spieler 4/Documents/Unreal_Projects/Panzerspiel/Content/Materials/Blender/Brown.uasset" 146
"../../../../../../Users/Spieler 4/Documents/Unreal_Projects/Panzerspiel/Content/Materials/Blender/Tank.uasset" 147
"../../../../../../Users/Spieler 4/Documents/Unreal_Projects/Panzerspiel/Content/StaticMeshes/ToyTank_Cube.uasset" 148
"../../../../../../Users/Spieler 4/Documents/Unreal_Projects/Panzerspiel/Content/StaticMeshes/ToyTank_Cylinder.uasset" 149
"../../../../../../Users/Spieler 4/Documents/Unreal_Projects/Panzerspiel/Content/Blueprints/BP_TankPawn.uasset" 150
"../../../../../../Users/Spieler 4/Documents/Unreal_Projects/Panzerspiel/Content/StaticMeshes/Crosshair.uasset" 151
"../../../../../../Users/Spieler 4/Documents/Unreal_Projects/Panzerspiel/Content/Blueprints/BP_Crosshair.uasset" 152
"../../../../../../Users/Spieler 4/Documents/Unreal_Projects/Panzerspiel/Content/Blueprints/BP_TankPlayerController.uasset" 153
"../../../../../../Users/Spieler 4/Documents/Unreal_Projects/Panzerspiel/Content/UI/ItemObject.uasset" 154
"../../../../../../Users/Spieler 4/Documents/Unreal_Projects/Panzerspiel/Content/UI/EntryWidget.uasset" 155
"../../../../../../Users/Spieler 4/Documents/Unreal_Projects/Panzerspiel/Content/UI/LevelSelection.uasset" 156
"../../../../../../Users/Spieler 4/Documents/Unreal_Projects/Panzerspiel/Content/UI/MainMenu.uasset" 157
"../../../../../../Users/Spieler 4/Documents/Unreal_Projects/Panzerspiel/Content/UI/PauseMenu.uasset" 158
"../../../../../../Users/Spieler 4/Documents/Unreal_Projects/Panzerspiel/Content/Blueprints/BP_PanzerspielGameModeBase.uasset" 159
"../../../../../../Users/Spieler 4/Documents/Unreal_Projects/Panzerspiel/Content/UI/BP_UINavController.uasset" 160
"../../../Engine/Content/Animation/DefaultAnimCurveCompressionSettings.uasset" 161
"../../../Engine/Content/ArtTools/RenderToTexture/Meshes/S_1_Unit_Plane.uasset" 162
"../../../Engine/Content/EngineMaterials/DefaultMaterial.uasset" 163
"../../../Engine/Content/BasicShapes/Cone.uasset" 164
"../../../Engine/Content/BasicShapes/Cylinder.uasset" 165
"../../../Engine/Content/BasicShapes/Sphere.uasset" 166
"../../../Engine/Content/EditorLandscapeResources/DataLayer.uasset" 167
"../../../Engine/Content/EditorMaterials/MAT_Groups_Toggle.uasset" 168
"../../../Engine/Content/EditorMaterials/MAT_Groups_Visibility.uasset" 169
"../../../Engine/Content/EditorMaterials/PreviewShadowIndicator.uasset" 170
"../../../Engine/Content/EditorMaterials/PreviewShadowIndicatorMaterial.uasset" 171
"../../../Engine/Content/EditorMaterials/MatineeGroups/MAT_ColorTrack.uasset" 172
"../../../Engine/Content/EditorMaterials/MatineeGroups/MAT_Groups_Anim.uasset" 173
"../../../Engine/Content/EditorMaterials/MatineeGroups/MAT_Groups_AudioMaster.uasset" 174
"../../../Engine/Content/EditorMaterials/MatineeGroups/MAT_Groups_Director.uasset" 175
"../../../Engine/Content/EditorMaterials/MatineeGroups/MAT_Groups_Event.uasset" 176
"../../../Engine/Content/EditorMaterials/MatineeGroups/MAT_Groups_Fade.uasset" 177
"../../../Engine/Content/EditorMaterials/MatineeGroups/MAT_Groups_Float.uasset" 178
"../../../Engine/Content/EditorMaterials/MatineeGroups/MAT_Groups_Move.uasset" 179
"../../../Engine/Content/EditorMaterials/MatineeGroups/MAT_Groups_Slomo.uasset" 180
"../../../Engine/Content/EditorMaterials/MatineeGroups/MAT_Groups_Sound.uasset" 181
"../../../Engine/Content/EditorMaterials/MatineeGroups/MAT_Groups_Vector.uasset" 182
"../../../Engine/Content/EditorMaterials/ParticleSystems/PSysThumbnail_NoImage.uasset" 183
"../../../Engine/Content/EditorMaterials/ParticleSystems/PSysThumbnail_OOD.uasset" 184
"../../../Engine/Content/EditorMaterials/Camera/CineMat.uasset" 185
"../../../Engine/Content/EditorMaterials/Camera/MI_CineMat_Rig.uasset" 186
"../../../Engine/Content/EditorMeshes/Camera/SM_CraneRig_Arm.uasset" 187
"../../../Engine/Content/EditorMeshes/Camera/SM_CraneRig_Base.uasset" 188
"../../../Engine/Content/EditorMeshes/Camera/SM_CraneRig_Body.uasset" 189
"../../../Engine/Content/EditorMeshes/Camera/SM_CraneRig_Mount.uasset" 190
"../../../Engine/Content/EditorMeshes/Camera/SM_RailRig_Mount.uasset" 191
"../../../Engine/Content/EditorMeshes/Camera/SM_RailRig_Track.uasset" 192
"../../../Engine/Content/EditorResources/BSPVertex.uasset" 193
"../../../Engine/Content/EditorResources/EmptyActor.uasset" 194
"../../../Engine/Content/EditorResources/S_Actor.uasset" 195
"../../../Engine/Content/EditorResources/S_Note.uasset" 196
"../../../Engine/Content/EditorResources/S_Solver.uasset" 197
"../../../Engine/Content/EditorResources/S_Trigger.uasset" 198
"../../../Engine/Content/EditorResources/LightIcons/S_LightError.uasset" 199
"../../../Engine/Content/EditorResources/SequenceRecorder/Countdown.uasset" 200
"../../../Engine/Content/EditorResources/SequenceRecorder/RecordingIndicator.uasset" 201
"../../../Engine/Content/EditorSounds/Notifications/CompileFailed.uasset" 202
"../../../Engine/Content/EditorSounds/Notifications/CompileFailed_Cue.uasset" 203
"../../../Engine/Content/EditorSounds/Notifications/CompileSuccess.uasset" 204
"../../../Engine/Content/EditorSounds/Notifications/CompileStart_Cue.uasset" 205
"../../../Engine/Content/EditorSounds/Notifications/CompileSuccess_Cue.uasset" 206
"../../../Engine/Content/EngineDamageTypes/DmgTypeBP_Environmental.uasset" 207
"../../../Engine/Content/EngineDebugMaterials/DebugEditorMaterial.uasset" 208
"../../../Engine/Content/EngineDebugMaterials/DebugMeshMaterial.uasset" 209
"../../../Engine/Content/EngineDebugMaterials/M_SimpleUnlitTranslucent.uasset" 210
"../../../Engine/Content/Functions/Engine_MaterialFunctions02/Utility/CameraDirectionVector.uasset" 211
"../../../Engine/Content/EngineDebugMaterials/VolumeToRender.uasset" 212
"../../../Engine/Content/EngineDebugMaterials/M_VolumeRenderSphereTracePP.uasset" 213
"../../../Engine/Content/EngineDebugMaterials/WireframeMaterial.uasset" 214
"../../../Engine/Content/EngineFonts/Faces/DroidSansFallback.uasset" 215
"../../../Engine/Content/EngineFonts/Faces/RobotoBold.uasset" 216
"../../../Engine/Content/EngineFonts/Faces/RobotoBoldItalic.uasset" 217
"../../../Engine/Content/EngineFonts/Faces/RobotoItalic.uasset" 218
"../../../Engine/Content/EngineFonts/Faces/RobotoLight.uasset" 219
"../../../Engine/Content/EngineFonts/Faces/RobotoRegular.uasset" 220
"../../../Engine/Content/EngineFonts/Roboto.uasset" 221
"../../../Engine/Content/EngineMaterials/BaseFlattenDiffuseMap.uasset" 222
"../../../Engine/Content/EngineMaterials/BaseFlattenEmissiveMap.uasset" 223
"../../../Engine/Content/EngineMaterials/BaseFlattenGrayscaleMap.uasset" 224
"../../../Engine/Content/EngineMaterials/BaseFlattenNormalMap.uasset" 225
"../../../Engine/Content/EngineMaterials/BaseFlattenMaterial.uasset" 226
"../../../Engine/Content/EngineMaterials/BlueNoise.uasset" 227
"../../../Engine/Content/EngineMaterials/DefaultBloomKernel.uasset" 228
"../../../Engine/Content/EngineMaterials/DefaultBokeh.uasset" 229
"../../../Engine/Content/EngineMaterials/DefaultDiffuse.uasset" 230
"../../../Engine/Content/EngineMaterials/DefaultDeferredDecalMaterial.uasset" 231
"../../../Engine/Content/EngineMaterials/DefaultLightFunctionMaterial.uasset" 232
"../../../Engine/Content/EngineMaterials/DefaultPhysicalMaterial.uasset" 233
"../../../Engine/Content/EngineMaterials/DefaultPostProcessMaterial.uasset" 234
"../../../Engine/Content/EngineFonts/RobotoDistanceField.uasset" 235
"../../../Engine/Content/EngineMaterials/DefaultTextMaterialOpaque.uasset" 236
"../../../Engine/Content/EngineMaterials/DefaultWhiteGrid.uasset" 237
"../../../Engine/Content/EngineMaterials/DefaultWhiteGrid_Low.uasset" 238
"../../../Engine/Content/EngineMaterials/EmissiveMeshMaterial.uasset" 239
"../../../Engine/Content/EngineMaterials/GizmoMaterial.uasset" 240
"../../../Engine/Content/EngineMaterials/Good64x64TilingNoiseHighFreq.uasset" 241
"../../../Engine/Content/EngineMaterials/MiniFont.uasset" 242
"../../../Engine/Content/EngineMaterials/InvalidLightmapSettings.uasset" 243
"../../../Engine/Content/EngineMaterials/M_InvalidLightmapSettings.uasset" 244
"../../../Engine/Content/Functions/Engine_MaterialFunctions02/WorldPositionOffset/CameraOffset.uasset" 245
"../../../Engine/Content/EngineMaterials/PhAT_JointLimitMaterial.uasset" 246
"../../../Engine/Content/EngineMaterials/PreintegratedSkinBRDF.uasset" 247
"../../../Engine/Content/EngineMaterials/RemoveSurfaceMaterial.uasset" 248
"../../../Engine/Content/EngineMaterials/WeightMapPlaceholderTexture.uasset" 249
"../../../Engine/Content/EngineResources/WhiteSquareTexture.uasset" 250
"../../../Engine/Content/EngineMaterials/Widget3DPassThrough.uasset" 251
"../../../Engine/Content/EngineMaterials/Widget3DPassThrough_Masked.uasset" 252
"../../../Engine/Content/EngineMaterials/Widget3DPassThrough_Opaque.uasset" 253
"../../../Engine/Content/EngineMaterials/Widget3DPassThrough_Masked_OneSided.uasset" 254
"../../../Engine/Content/EngineMaterials/Widget3DPassThrough_Opaque_OneSided.uasset" 255
"../../../Engine/Content/EngineMaterials/Widget3DPassThrough_Translucent.uasset" 256
"../../../Engine/Content/EngineMaterials/Widget3DPassThrough_Translucent_OneSided.uasset" 257
"../../../Engine/Content/EngineMeshes/Cylinder.uasset" 258
"../../../Engine/Content/EngineMeshes/Sphere.uasset" 259
"../../../Engine/Content/EngineResources/Black.uasset" 260
"../../../Engine/Content/EngineResources/DefaultTexture.uasset" 261
"../../../Engine/Content/EngineResources/DefaultTextureCube.uasset" 262
"../../../Engine/Content/EngineResources/DefaultVolumeTexture2D.uasset" 263
"../../../Engine/Content/EngineResources/DefaultVolumeTexture.uasset" 264
"../../../Engine/Content/EngineResources/GradientTexture0.uasset" 265
"../../../Engine/Content/EngineSounds/Master.uasset" 266
"../../../Engine/Content/Functions/Engine_MaterialFunctions01/Shading/ConvertFromDiffSpec.uasset" 267
"../../../Engine/Content/Functions/Engine_MaterialFunctions01/Shading/PowerToRoughness.uasset" 268
"../../../Engine/Content/Maps/Templates/Thumbnails/Default.uasset" 269
"../../../Engine/Content/Maps/Templates/Thumbnails/TimeOfDay.uasset" 270
"../../../Engine/Content/Maps/Templates/Thumbnails/VR-Basic.uasset" 271
"../../../Engine/Content/MobileResources/T_MobileControls_texture.uasset" 272
"../../../Engine/Content/MobileResources/T_MobileMenu2.uasset" 273
"../../../Engine/Content/MobileResources/HUD/AnalogHat.uasset" 274
"../../../Engine/Content/MobileResources/HUD/VirtualJoystick_Background.uasset" 275
"../../../Engine/Content/MobileResources/HUD/VirtualJoystick_Thumb.uasset" 276
"../../../Engine/Content/MobileResources/HUD/DefaultVirtualJoysticks.uasset" 277
"../../../Engine/Content/MobileResources/HUD/LeftVirtualJoystickOnly.uasset" 278
"../../../Engine/Content/MobileResources/HUD/MobileHUDButton1_off.uasset" 279
"../../../Engine/Content/MobileResources/HUD/MobileHUDButton1_on.uasset" 280
"../../../Engine/Content/MobileResources/HUD/MobileHUDButton2_off.uasset" 281
"../../../Engine/Content/MobileResources/HUD/MobileHUDButton2_on.uasset" 282
"../../../Engine/Content/MobileResources/HUD/MobileHUDButton3.uasset" 283
"../../../Engine/Content/MobileResources/HUD/MobileHUDButtonFire.uasset" 284
"../../../Engine/Content/MobileResources/HUD/MobileHUDDirectionPad.uasset" 285
"../../../Engine/Content/MobileResources/HUD/MobileHUDDirectionPad2.uasset" 286
"../../../Engine/Content/MobileResources/HUD/MobileHUDDirectionPad3.uasset" 287
"../../../Engine/Content/MobileResources/HUD/MobileHUDDirectionStick.uasset" 288
"../../../Engine/Content/MobileResources/HUD/T_Castle_ThumbstickInner.uasset" 289
"../../../Engine/Content/MobileResources/HUD/T_Castle_ThumbstickOutter.uasset" 290
"../../../Engine/Content/Tutorial/ContentIntroCurve.uasset" 291
"../../../Engine/Content/Tutorial/Basics/LevelEditorAttract.uasset" 292
"../../../Engine/Content/VREditor/LaserPointer/VR_LaserPower_01.uasset" 293
"../../../Engine/Content/VREditor/TransformGizmo/TransformGizmoMaterial.uasset" 294
"../../../Engine/Content/VREditor/TransformGizmo/TranslucentTransformGizmoMaterial.uasset" 295
"../../../Engine/Content/VREditor/TransformGizmo/BoundingBoxCorner.uasset" 296
"../../../Engine/Content/VREditor/TransformGizmo/BoundingBoxEdge.uasset" 297
"../../../Engine/Content/VREditor/TransformGizmo/PlaneTranslationHandle.uasset" 298
"../../../Engine/Content/VREditor/TransformGizmo/Main.uasset" 299
"../../../Engine/Content/VREditor/TransformGizmo/Xray.uasset" 300
"../../../Engine/Content/VREditor/TransformGizmo/SM_Sequencer_Key.uasset" 301
"../../../Engine/Content/VREditor/TransformGizmo/SM_Sequencer_Node.uasset" 302
"../../Plugins/FX/Niagara/Content/Enums/ENiagaraBooleanLogicOps.uasset" 303
"../../Plugins/FX/Niagara/Content/Enums/ENiagaraOrientationAxis.uasset" 304
"../../Plugins/Runtime/Oculus/OculusVR/Content/Materials/OculusMR_ChromaKey.uasset" 305
"../../Plugins/Runtime/Oculus/OculusVR/Content/Materials/OculusMR_ChromaKey_Lit.uasset" 306
"../../Plugins/Runtime/Oculus/OculusVR/Content/Materials/OculusMR_OpaqueColoredMaterial.uasset" 307
"../../Plugins/Runtime/Oculus/OculusVR/Content/Materials/OculusMR_WhiteMaterial.uasset" 308
"../../../../../../Users/Spieler 4/Documents/Unreal_Projects/Panzerspiel/Content/Levels/DarkLevel_BuiltData.uasset" 309
"../../../Engine/Content/BasicShapes/Cube.uasset" 310
"../../../../../../Users/Spieler 4/Documents/Unreal_Projects/Panzerspiel/Content/Levels/DarkLevel.umap" 311
"../../../../../../Users/Spieler 4/Documents/Unreal_Projects/Panzerspiel/Content/AI/SimpleAI/BT_TankLockOnTarget.uasset" 312
"../../../../../../Users/Spieler 4/Documents/Unreal_Projects/Panzerspiel/Content/AI/SimpleAI/BT_TankToggleFireMode.uasset" 313
"../../../../../../Users/Spieler 4/Documents/Unreal_Projects/Panzerspiel/Content/AI/SimpleAI/BT_SimpleTank.uasset" 314
"../../../../../../Users/Spieler 4/Documents/Unreal_Projects/Panzerspiel/Content/AI/SimpleAI/SimpleTankAIController.uasset" 315
"../../../../../../Users/Spieler 4/Documents/Unreal_Projects/Panzerspiel/Content/StaticMeshes/Obstacles/Material_002.uasset" 316
"../../../../../../Users/Spieler 4/Documents/Unreal_Projects/Panzerspiel/Content/Blueprints/BP_SimpleTankAI.uasset" 317
"../../../../../../Users/Spieler 4/Documents/Unreal_Projects/Panzerspiel/Content/Materials/Instance/Ground_inst.uasset" 318
"../../../../../../Users/Spieler 4/Documents/Unreal_Projects/Panzerspiel/Content/StaticMeshes/Obstacles/ObstacleCube.uasset" 319
"../../../../../../Users/Spieler 4/Documents/Unreal_Projects/Panzerspiel/Content/Blueprints/Cube.uasset" 320
"../../../../../../Users/Spieler 4/Documents/Unreal_Projects/Panzerspiel/Content/UI/BP_MenuCameraPawn.uasset" 321
"../../../../../../Users/Spieler 4/Documents/Unreal_Projects/Panzerspiel/Content/Levels/MainMenu_BuiltData.uasset" 322
"../../../Engine/Content/BasicShapes/BasicShapeMaterial.uasset" 323
"../../../Engine/Content/BasicShapes/Plane.uasset" 324
"../../../../../../Users/Spieler 4/Documents/Unreal_Projects/Panzerspiel/Content/Levels/MainMenu.umap" 325
"../../../../../../Users/Spieler 4/Documents/Unreal_Projects/Panzerspiel/Content/Levels/PersistentRootLevel_BuiltData.uasset" 326
"../../../../../../Users/Spieler 4/Documents/Unreal_Projects/Panzerspiel/Content/Levels/PersistentRootLevel.umap" 327
"../../../Engine/Content/EngineSky/C_Sky_Cloud_Color.uasset" 328
"../../../Engine/Content/EngineSky/C_Sky_Horizon_Color.uasset" 329
"../../../Engine/Content/EngineSky/C_Sky_Zenith_Color.uasset" 330
"../../../Engine/Content/EngineSky/T_Sky_Blue.uasset" 331
"../../../Engine/Content/EngineSky/T_Sky_Clouds_M.uasset" 332
"../../../Engine/Content/EngineSky/T_Sky_Stars.uasset" 333
"../../../Engine/Content/EngineSky/M_Sky_Panning_Clouds2.uasset" 334
"../../../Engine/Content/EngineSky/SM_SkySphere.uasset" 335
"../../../Engine/Content/EngineSky/BP_Sky_Sphere.uasset" 336
"../../../../../../Users/Spieler 4/Documents/Unreal_Projects/Panzerspiel/Content/StaticMeshes/Obstacles/Material.uasset" 337
"../../../../../../Users/Spieler 4/Documents/Unreal_Projects/Panzerspiel/Content/Levels/PathfindingLevels/SplinePathfinding.umap" 338
"../../../../../../Users/Spieler 4/Documents/Unreal_Projects/Panzerspiel/Content/Levels/PathfindingLevels/StandardPathfinding.umap" 339
"../../../../../../Users/Spieler 4/Documents/Unreal_Projects/Panzerspiel/Content/Blueprints/BP_MapDecoration.uasset" 340
"../../../../../../Users/Spieler 4/Documents/Unreal_Projects/Panzerspiel/Content/Levels/TableLevels/BaseTableLevel_BuiltData.uasset" 341
"../../../../../../Users/Spieler 4/Documents/Unreal_Projects/Panzerspiel/Content/Materials/Instance/WoodTable.uasset" 342
"../../../../../../Users/Spieler 4/Documents/Unreal_Projects/Panzerspiel/Content/StaticMeshes/Obstacles/Bottle.uasset" 343
"../../../../../../Users/Spieler 4/Documents/Unreal_Projects/Panzerspiel/Content/StaticMeshes/Obstacles/TatraPakQuadTris2.uasset" 344
"../../../../../../Users/Spieler 4/Documents/Unreal_Projects/Panzerspiel/Content/StaticMeshes/Obstacles/TetraPakQuad.uasset" 345
"../../../../../../Users/Spieler 4/Documents/Unreal_Projects/Panzerspiel/Content/StaticMeshes/Table.uasset" 346
"../../../../../../Users/Spieler 4/Documents/Unreal_Projects/Panzerspiel/Content/Levels/TableLevels/BaseTableLevel.umap" 347
"../../../../../../Users/Spieler 4/Documents/Unreal_Projects/Panzerspiel/Content/Levels/TableLevels/TableDynamicOnly_BuiltData.uasset" 348
"../../../../../../Users/Spieler 4/Documents/Unreal_Projects/Panzerspiel/Content/Levels/TableLevels/TableDynamicOnly.umap" 349
"../../../../../../Users/Spieler 4/Documents/Unreal_Projects/Panzerspiel/Content/Levels/TableLevels/TableDynamicOnly2_BuiltData.uasset" 350
"../../../../../../Users/Spieler 4/Documents/Unreal_Projects/Panzerspiel/Content/Levels/TableLevels/TableDynamicOnly2.umap" 351
"../../../../../../Users/Spieler 4/Documents/Unreal_Projects/Panzerspiel/Content/Levels/TableLevels/TableDynamicOnly3_BuiltData.uasset" 352
"../../../../../../Users/Spieler 4/Documents/Unreal_Projects/Panzerspiel/Content/Levels/TableLevels/TableDynamicOnly3.umap" 353
"../../../../../../Users/Spieler 4/Documents/Unreal_Projects/Panzerspiel/Content/Levels/TableLevels/TableDynamicOnly4_BuiltData.uasset" 354
"../../../../../../Users/Spieler 4/Documents/Unreal_Projects/Panzerspiel/Content/Levels/TableLevels/TableDynamicOnly4.umap" 355
"../../../../../../Users/Spieler 4/Documents/Unreal_Projects/Panzerspiel/Content/StaticMeshes/Obstacles/RippledCube.uasset" 356
"../../../../../../Users/Spieler 4/Documents/Unreal_Projects/Panzerspiel/Content/Blueprints/DestructableCube.uasset" 357
"../../../../../../Users/Spieler 4/Documents/Unreal_Projects/Panzerspiel/Content/Levels/TableLevels/TableDynamicTest_BuiltData.uasset" 358
"../../../../../../Users/Spieler 4/Documents/Unreal_Projects/Panzerspiel/Content/Levels/TableLevels/TableDynamicTest.umap" 359
"../../../../../../Users/Spieler 4/Documents/Unreal_Projects/Panzerspiel/Content/Levels/TableLevels/TableLevel_BuiltData.uasset" 360
"../../../../../../Users/Spieler 4/Documents/Unreal_Projects/Panzerspiel/Content/StaticMeshes/1mRuler2.uasset" 361
"../../../../../../Users/Spieler 4/Documents/Unreal_Projects/Panzerspiel/Content/Levels/TableLevels/TableLevel.umap" 362
"../../../../../../Users/Spieler 4/Documents/Unreal_Projects/Panzerspiel/Content/Levels/TableLevels/TableLevelCopy.umap" 363
"../../../../../../Users/Spieler 4/Documents/Unreal_Projects/Panzerspiel/Content/Blueprints/BP_RotaryAITank.uasset" 364
"../../../../../../Users/Spieler 4/Documents/Unreal_Projects/Panzerspiel/Content/WIP_And_Tests/RotaryTank.umap" 365
"../../../../../../Users/Spieler 4/Documents/Unreal_Projects/Panzerspiel/Content/WIP_And_Tests/RicochetAim/BP_CubeObstacle.uasset" 366
"../../../../../../Users/Spieler 4/Documents/Unreal_Projects/Panzerspiel/Content/WIP_And_Tests/RicochetAim/DoubleRicochet100Cubes.umap" 367
"../../../../../../Users/Spieler 4/Documents/Unreal_Projects/Panzerspiel/Content/WIP_And_Tests/TestingGameMode.uasset" 368
"../../../../../../Users/Spieler 4/Documents/Unreal_Projects/Panzerspiel/Content/WIP_And_Tests/RicochetAim/DoubleRicochetFewCubes.umap" 369
"../../../../../../Users/Spieler 4/Documents/Unreal_Projects/Panzerspiel/Content/WIP_And_Tests/RicochetAim/DoubleRicochetRankdomCube.umap" 370
"../../../../../../Users/Spieler 4/Documents/Unreal_Projects/Panzerspiel/Content/WIP_And_Tests/RicochetAim/DoubleRicochetTest.umap" 371
"../../../../../../Users/Spieler 4/Documents/Unreal_Projects/Panzerspiel/Content/WIP_And_Tests/RicochetAim/SingleRicochetAim100Cubes.umap" 372
"../../../../../../Users/Spieler 4/Documents/Unreal_Projects/Panzerspiel/Content/WIP_And_Tests/RicochetAim/SingleRicochetAimFewCubes.umap" 373
"../../../../../../Users/Spieler 4/Documents/Unreal_Projects/Panzerspiel/Content/WIP_And_Tests/RicochetAim/SingleRicochetAimRandomCube.umap" 374
